<?xml version="1.0" encoding="UTF-8"?>
<!-- Generated by org.testng.reporters.JUnitReportReporter -->
<testsuite hostname="IN-OLX-PF2SH88V" failures="0" tests="2" name="naukariRunnerTest.TestRunnerNaukari" time="11.100" errors="0" timestamp="2025-04-23T16:33:31 IST" skipped="0">
  <testcase classname="naukariRunnerTest.TestRunnerNaukari" name="runScenario" time="7.260"/>
  <testcase classname="naukariRunnerTest.TestRunnerNaukari" name="runScenario" time="3.840"/>
</testsuite> <!-- naukariRunnerTest.TestRunnerNaukari -->
